<?xml version="1.0" encoding="UTF-8"?>
<testsuite name="uTest" tests="1" skipped="0" failures="1" errors="0" timestamp="2021-10-02T17:47:31" hostname="DESKTOP-USD3JRI" time="51.047">
  <properties/>
  <testcase name="Sing up to www.utest.com" classname="uTest" time="51.047">
    <failure message="net.thucydides.core.webdriver.exceptions.ElementShouldBeEnabledException: Expected enabled element was not enabled" type="net.thucydides.core.webdriver.exceptions.ElementShouldBeEnabledException">net.thucydides.core.webdriver.exceptions.ElementShouldBeEnabledException: Expected enabled element was not enabled
	at net.serenitybdd.core.pages.WebElementFacadeImpl.waitUntilEnabled(WebElementFacadeImpl.java:1149)
	at net.serenitybdd.core.pages.WebElementFacadeImpl.waitUntilElementAvailable(WebElementFacadeImpl.java:954)
	at net.serenitybdd.core.pages.WebElementFacadeImpl.type(WebElementFacadeImpl.java:811)
	at net.serenitybdd.screenplay.actions.EnterValueIntoTarget.performAs(EnterValueIntoTarget.java:18)
	at net.serenitybdd.screenplay.actions.EnterValueIntoTarget$ByteBuddy$1vemX3cF.performAs$accessor$A9T7qXKY(Unknown Source)
	at sun.reflect.NativeMethodAccessorImpl.invoke0(Native Method)
	at sun.reflect.NativeMethodAccessorImpl.invoke(NativeMethodAccessorImpl.java:62)
	at sun.reflect.DelegatingMethodAccessorImpl.invoke(DelegatingMethodAccessorImpl.java:43)
	at java.lang.reflect.Method.invoke(Method.java:498)
	at net.thucydides.core.steps.StepInterceptor.invokeMethod(StepInterceptor.java:471)
	at net.thucydides.core.steps.StepInterceptor.executeTestStepMethod(StepInterceptor.java:451)
	at net.thucydides.core.steps.StepInterceptor.runTestStep(StepInterceptor.java:424)
	at net.thucydides.core.steps.StepInterceptor.runOrSkipMethod(StepInterceptor.java:180)
	at net.thucydides.core.steps.StepInterceptor.testStepResult(StepInterceptor.java:167)
	at net.thucydides.core.steps.StepInterceptor.intercept(StepInterceptor.java:75)
	at net.serenitybdd.screenplay.actions.EnterValueIntoTarget$ByteBuddy$1vemX3cF.performAs(Unknown Source)
	at net.serenitybdd.screenplay.Actor.performTask(Actor.java:233)
	at net.serenitybdd.screenplay.Actor.perform(Actor.java:214)
	at net.serenitybdd.screenplay.Actor.attemptsTo(Actor.java:171)
	at utest.fernandogalvez.tasks.Register.performAs(Register.java:72)
	at utest.fernandogalvez.tasks.Register$ByteBuddy$uL8kPtWk.performAs$accessor$0Mw5GH7k(Unknown Source)
	at sun.reflect.NativeMethodAccessorImpl.invoke0(Native Method)
	at sun.reflect.NativeMethodAccessorImpl.invoke(NativeMethodAccessorImpl.java:62)
	at sun.reflect.DelegatingMethodAccessorImpl.invoke(DelegatingMethodAccessorImpl.java:43)
	at java.lang.reflect.Method.invoke(Method.java:498)
	at net.thucydides.core.steps.StepInterceptor.invokeMethod(StepInterceptor.java:471)
	at net.thucydides.core.steps.StepInterceptor.executeTestStepMethod(StepInterceptor.java:451)
	at net.thucydides.core.steps.StepInterceptor.runTestStep(StepInterceptor.java:424)
	at net.thucydides.core.steps.StepInterceptor.runOrSkipMethod(StepInterceptor.java:180)
	at net.thucydides.core.steps.StepInterceptor.testStepResult(StepInterceptor.java:167)
	at net.thucydides.core.steps.StepInterceptor.intercept(StepInterceptor.java:75)
	at utest.fernandogalvez.tasks.Register$ByteBuddy$uL8kPtWk.performAs(Unknown Source)
	at net.serenitybdd.screenplay.Actor.performTask(Actor.java:233)
	at net.serenitybdd.screenplay.Actor.perform(Actor.java:214)
	at net.serenitybdd.screenplay.Actor.attemptsTo(Actor.java:171)
	at utest.fernandogalvez.stepdefinitions.UTestStepDefinitions.heIntroducesHisPersonalData(UTestStepDefinitions.java:41)
	at ✽.he introduces his personal data(src/test/resources/features/uTest.feature:10)
Caused by: org.openqa.selenium.TimeoutException: Expected condition failed: waiting for By.id: city to be enabled (tried for 5 second(s) with 100 milliseconds interval)
	at org.openqa.selenium.support.ui.FluentWait.timeoutException(FluentWait.java:304)
	at org.openqa.selenium.support.ui.FluentWait.until(FluentWait.java:272)
	at net.serenitybdd.core.pages.WebElementFacadeImpl.waitUntilEnabled(WebElementFacadeImpl.java:1146)
	at net.serenitybdd.core.pages.WebElementFacadeImpl.waitUntilElementAvailable(WebElementFacadeImpl.java:954)
	at net.serenitybdd.core.pages.WebElementFacadeImpl.type(WebElementFacadeImpl.java:811)
	at net.serenitybdd.screenplay.actions.EnterValueIntoTarget.performAs(EnterValueIntoTarget.java:18)
	at net.serenitybdd.screenplay.actions.EnterValueIntoTarget$ByteBuddy$1vemX3cF.performAs$accessor$A9T7qXKY(Unknown Source)
	at sun.reflect.NativeMethodAccessorImpl.invoke0(Native Method)
	at sun.reflect.NativeMethodAccessorImpl.invoke(NativeMethodAccessorImpl.java:62)
	at sun.reflect.DelegatingMethodAccessorImpl.invoke(DelegatingMethodAccessorImpl.java:43)
	at java.lang.reflect.Method.invoke(Method.java:498)
	at net.thucydides.core.steps.StepInterceptor.invokeMethod(StepInterceptor.java:471)
	at net.thucydides.core.steps.StepInterceptor.executeTestStepMethod(StepInterceptor.java:451)
	at net.thucydides.core.steps.StepInterceptor.runTestStep(StepInterceptor.java:424)
	at net.thucydides.core.steps.StepInterceptor.runOrSkipMethod(StepInterceptor.java:180)
	at net.thucydides.core.steps.StepInterceptor.testStepResult(StepInterceptor.java:167)
	at net.thucydides.core.steps.StepInterceptor.intercept(StepInterceptor.java:75)
	at net.serenitybdd.screenplay.actions.EnterValueIntoTarget$ByteBuddy$1vemX3cF.performAs(Unknown Source)
	at net.serenitybdd.screenplay.Actor.performTask(Actor.java:233)
	at net.serenitybdd.screenplay.Actor.perform(Actor.java:214)
	at net.serenitybdd.screenplay.Actor.attemptsTo(Actor.java:171)
	at utest.fernandogalvez.tasks.Register.performAs(Register.java:72)
	at utest.fernandogalvez.tasks.Register$ByteBuddy$uL8kPtWk.performAs$accessor$0Mw5GH7k(Unknown Source)
	at sun.reflect.NativeMethodAccessorImpl.invoke0(Native Method)
	at sun.reflect.NativeMethodAccessorImpl.invoke(NativeMethodAccessorImpl.java:62)
	at sun.reflect.DelegatingMethodAccessorImpl.invoke(DelegatingMethodAccessorImpl.java:43)
	at java.lang.reflect.Method.invoke(Method.java:498)
	at net.thucydides.core.steps.StepInterceptor.invokeMethod(StepInterceptor.java:471)
	at net.thucydides.core.steps.StepInterceptor.executeTestStepMethod(StepInterceptor.java:451)
	at net.thucydides.core.steps.StepInterceptor.runTestStep(StepInterceptor.java:424)
	at net.thucydides.core.steps.StepInterceptor.runOrSkipMethod(StepInterceptor.java:180)
	at net.thucydides.core.steps.StepInterceptor.testStepResult(StepInterceptor.java:167)
	at net.thucydides.core.steps.StepInterceptor.intercept(StepInterceptor.java:75)
	at utest.fernandogalvez.tasks.Register$ByteBuddy$uL8kPtWk.performAs(Unknown Source)
	at net.serenitybdd.screenplay.Actor.performTask(Actor.java:233)
	at net.serenitybdd.screenplay.Actor.perform(Actor.java:214)
	at net.serenitybdd.screenplay.Actor.attemptsTo(Actor.java:171)
	at utest.fernandogalvez.stepdefinitions.UTestStepDefinitions.heIntroducesHisPersonalData(UTestStepDefinitions.java:41)
	at sun.reflect.NativeMethodAccessorImpl.invoke0(Native Method)
	at sun.reflect.NativeMethodAccessorImpl.invoke(NativeMethodAccessorImpl.java:62)
	at sun.reflect.DelegatingMethodAccessorImpl.invoke(DelegatingMethodAccessorImpl.java:43)
	at java.lang.reflect.Method.invoke(Method.java:498)
	at cucumber.runtime.Utils$1.call(Utils.java:31)
	at cucumber.runtime.Timeout.timeout(Timeout.java:16)
	at cucumber.runtime.Utils.invoke(Utils.java:25)
	at cucumber.runtime.java.JavaStepDefinition.execute(JavaStepDefinition.java:37)
	at cucumber.runtime.StepDefinitionMatch.runStep(StepDefinitionMatch.java:40)
	at cucumber.api.TestStep.executeStep(TestStep.java:102)
	at cucumber.api.TestStep.run(TestStep.java:83)
	at cucumber.api.TestCase.run(TestCase.java:58)
	at cucumber.runner.Runner.runPickle(Runner.java:80)
	at cucumber.runtime.junit.PickleRunners$NoStepDescriptions.run(PickleRunners.java:140)
	at cucumber.runtime.junit.FeatureRunner.runChild(FeatureRunner.java:68)
	at cucumber.runtime.junit.FeatureRunner.runChild(FeatureRunner.java:23)
	at org.junit.runners.ParentRunner$3.run(ParentRunner.java:290)
	at org.junit.runners.ParentRunner$1.schedule(ParentRunner.java:71)
	at org.junit.runners.ParentRunner.runChildren(ParentRunner.java:288)
	at org.junit.runners.ParentRunner.access$000(ParentRunner.java:58)
	at org.junit.runners.ParentRunner$2.evaluate(ParentRunner.java:268)
	at org.junit.runners.ParentRunner.run(ParentRunner.java:363)
	at cucumber.runtime.junit.FeatureRunner.run(FeatureRunner.java:73)
	at cucumber.api.junit.Cucumber.runChild(Cucumber.java:118)
	at cucumber.api.junit.Cucumber.runChild(Cucumber.java:56)
	at org.junit.runners.ParentRunner$3.run(ParentRunner.java:290)
	at org.junit.runners.ParentRunner$1.schedule(ParentRunner.java:71)
	at org.junit.runners.ParentRunner.runChildren(ParentRunner.java:288)
	at org.junit.runners.ParentRunner.access$000(ParentRunner.java:58)
	at org.junit.runners.ParentRunner$2.evaluate(ParentRunner.java:268)
	at cucumber.api.junit.Cucumber$1.evaluate(Cucumber.java:127)
	at org.junit.runners.ParentRunner.run(ParentRunner.java:363)
	at org.gradle.api.internal.tasks.testing.junit.JUnitTestClassExecutor.runTestClass(JUnitTestClassExecutor.java:110)
	at org.gradle.api.internal.tasks.testing.junit.JUnitTestClassExecutor.execute(JUnitTestClassExecutor.java:58)
	at org.gradle.api.internal.tasks.testing.junit.JUnitTestClassExecutor.execute(JUnitTestClassExecutor.java:38)
	at org.gradle.api.internal.tasks.testing.junit.AbstractJUnitTestClassProcessor.processTestClass(AbstractJUnitTestClassProcessor.java:62)
	at org.gradle.api.internal.tasks.testing.SuiteTestClassProcessor.processTestClass(SuiteTestClassProcessor.java:51)
	at sun.reflect.NativeMethodAccessorImpl.invoke0(Native Method)
	at sun.reflect.NativeMethodAccessorImpl.invoke(NativeMethodAccessorImpl.java:62)
	at sun.reflect.DelegatingMethodAccessorImpl.invoke(DelegatingMethodAccessorImpl.java:43)
	at java.lang.reflect.Method.invoke(Method.java:498)
	at org.gradle.internal.dispatch.ReflectionDispatch.dispatch(ReflectionDispatch.java:35)
	at org.gradle.internal.dispatch.ReflectionDispatch.dispatch(ReflectionDispatch.java:24)
	at org.gradle.internal.dispatch.ContextClassLoaderDispatch.dispatch(ContextClassLoaderDispatch.java:32)
	at org.gradle.internal.dispatch.ProxyDispatchAdapter$DispatchingInvocationHandler.invoke(ProxyDispatchAdapter.java:93)
	at com.sun.proxy.$Proxy2.processTestClass(Unknown Source)
	at org.gradle.api.internal.tasks.testing.worker.TestWorker.processTestClass(TestWorker.java:118)
	at sun.reflect.NativeMethodAccessorImpl.invoke0(Native Method)
	at sun.reflect.NativeMethodAccessorImpl.invoke(NativeMethodAccessorImpl.java:62)
	at sun.reflect.DelegatingMethodAccessorImpl.invoke(DelegatingMethodAccessorImpl.java:43)
	at java.lang.reflect.Method.invoke(Method.java:498)
	at org.gradle.internal.dispatch.ReflectionDispatch.dispatch(ReflectionDispatch.java:35)
	at org.gradle.internal.dispatch.ReflectionDispatch.dispatch(ReflectionDispatch.java:24)
	at org.gradle.internal.remote.internal.hub.MessageHubBackedObjectConnection$DispatchWrapper.dispatch(MessageHubBackedObjectConnection.java:175)
	at org.gradle.internal.remote.internal.hub.MessageHubBackedObjectConnection$DispatchWrapper.dispatch(MessageHubBackedObjectConnection.java:157)
	at org.gradle.internal.remote.internal.hub.MessageHub$Handler.run(MessageHub.java:404)
	at org.gradle.internal.concurrent.ExecutorPolicy$CatchAndRecordFailures.onExecute(ExecutorPolicy.java:63)
	at org.gradle.internal.concurrent.ManagedExecutorImpl$1.run(ManagedExecutorImpl.java:46)
	at java.util.concurrent.ThreadPoolExecutor.runWorker(ThreadPoolExecutor.java:1149)
	at java.util.concurrent.ThreadPoolExecutor$Worker.run(ThreadPoolExecutor.java:624)
	at org.gradle.internal.concurrent.ThreadFactoryImpl$ManagedThreadRunnable.run(ThreadFactoryImpl.java:55)
	at java.lang.Thread.run(Thread.java:748)
Caused by: org.openqa.selenium.NoSuchElementException: no such element: Unable to locate element: {&quot;method&quot;:&quot;css selector&quot;,&quot;selector&quot;:&quot;#city&quot;}
  (Session info: chrome=94.0.4606.71)
For documentation on this error, please visit: https://www.seleniumhq.org/exceptions/no_such_element.html
Build info: version: '3.141.59', revision: 'e82be7d358', time: '2018-11-14T08:17:03'
System info: host: 'DESKTOP-USD3JRI', ip: '192.168.56.1', os.name: 'Windows 10', os.arch: 'amd64', os.version: '10.0', java.version: '1.8.0_271'
Driver info: org.openqa.selenium.chrome.ChromeDriver
Capabilities {acceptInsecureCerts: false, browserName: chrome, browserVersion: 94.0.4606.71, chrome: {chromedriverVersion: 94.0.4606.61 (418b78f5838ed..., userDataDir: C:\Users\ferga\AppData\Loca...}, goog:chromeOptions: {debuggerAddress: localhost:50051}, javascriptEnabled: true, networkConnectionEnabled: false, pageLoadStrategy: normal, platform: WINDOWS, platformName: WINDOWS, proxy: Proxy(), setWindowRect: true, strictFileInteractability: false, timeouts: {implicit: 0, pageLoad: 300000, script: 30000}, unhandledPromptBehavior: dismiss and notify, webauthn:extension:credBlob: true, webauthn:extension:largeBlob: true, webauthn:virtualAuthenticators: true}
Session ID: 58ca22856bc59eea5a4c30cfd4b3114c
*** Element info: {Using=id, value=city}
	at sun.reflect.NativeConstructorAccessorImpl.newInstance0(Native Method)
	at sun.reflect.NativeConstructorAccessorImpl.newInstance(NativeConstructorAccessorImpl.java:62)
	at sun.reflect.DelegatingConstructorAccessorImpl.newInstance(DelegatingConstructorAccessorImpl.java:45)
	at java.lang.reflect.Constructor.newInstance(Constructor.java:423)
	at org.openqa.selenium.remote.http.W3CHttpResponseCodec.createException(W3CHttpResponseCodec.java:187)
	at org.openqa.selenium.remote.http.W3CHttpResponseCodec.decode(W3CHttpResponseCodec.java:122)
	at org.openqa.selenium.remote.http.W3CHttpResponseCodec.decode(W3CHttpResponseCodec.java:49)
	at org.openqa.selenium.remote.HttpCommandExecutor.execute(HttpCommandExecutor.java:158)
	at org.openqa.selenium.remote.service.DriverCommandExecutor.execute(DriverCommandExecutor.java:83)
	at org.openqa.selenium.remote.RemoteWebDriver.execute(RemoteWebDriver.java:552)
	at org.openqa.selenium.remote.RemoteWebDriver.findElement(RemoteWebDriver.java:323)
	at org.openqa.selenium.remote.RemoteWebDriver.findElementById(RemoteWebDriver.java:372)
	at org.openqa.selenium.By$ById.findElement(By.java:188)
	at org.openqa.selenium.remote.RemoteWebDriver.findElement(RemoteWebDriver.java:315)
	at net.thucydides.core.webdriver.WebDriverFacade.findElement(WebDriverFacade.java:222)
	at net.serenitybdd.core.pages.WebElementResolverByLocator.resolveForDriver(WebElementResolverByLocator.java:18)
	at net.serenitybdd.core.pages.WebElementFacadeImpl.getElement(WebElementFacadeImpl.java:221)
	at net.serenitybdd.core.pages.WebElementExpectations$3.apply(WebElementExpectations.java:63)
	at net.serenitybdd.core.pages.WebElementExpectations$3.apply(WebElementExpectations.java:55)
	at org.openqa.selenium.support.ui.FluentWait.until(FluentWait.java:249)
	... 98 more
</failure>
  </testcase>
  <system-out><![CDATA[]]></system-out>
  <system-err><![CDATA[[Test worker] WARN net.thucydides.core.steps.BaseStepListener - stepStarted: net.thucydides.core.steps.ExecutedStepDescription@214dbba3
[Test worker] WARN net.thucydides.core.steps.BaseStepListener - stepStarted: net.thucydides.core.steps.ExecutedStepDescription@effa086
[Test worker] WARN net.thucydides.core.steps.BaseStepListener - stepStarted: net.thucydides.core.steps.ExecutedStepDescription@2a0364a2
oct 02, 2021 12:47:32 PM org.openqa.selenium.remote.DesiredCapabilities chrome
INFORMACIÓN: Using `new ChromeOptions()` is preferred to `DesiredCapabilities.chrome()`
[Test worker] INFO net.serenitybdd.core.webdriver.driverproviders.ProvideNewDriver - Instantiating driver
[Test worker] INFO net.serenitybdd.core.webdriver.driverproviders.ProvideNewDriver - Driver capabilities: Capabilities {acceptInsecureCerts: false, browserName: chrome, chrome.switches: --start-maximized, goog:chromeOptions: {args: [--start-maximized], extensions: []}, loggingPrefs: org.openqa.selenium.logging..., platform: ANY, version: }
Starting ChromeDriver 94.0.4606.61 (418b78f5838ed0b1c69bb4e51ea0252171854915-refs/branch-heads/4606@{#1204}) on port 11159
Only local connections are allowed.
Please see https://chromedriver.chromium.org/security-considerations for suggestions on keeping ChromeDriver safe.
ChromeDriver was started successfully.
oct 02, 2021 12:47:36 PM org.openqa.selenium.remote.ProtocolHandshake createSession
INFORMACIÓN: Detected dialect: W3C
[Test worker] WARN net.thucydides.core.steps.BaseStepListener - stepFinished: current outcome:Sing up to www.utest.com:Example: {strFirstName=fernando anonio, strLastName=Galez moreno, strEmailAddress=juanchosala2018@gmail.com, strBirthMonth=May, strBirthDay=7, strBirthYear=1998, strUserLanguage=Spanish, strCity=Bogota, strZipPostalCode=500001, strCountry=Colombia, strComputerOs=Windows, strOsVersion=10, strComputerLanguage=Spanish, strMobileDevice=Xiaomi, strModel=Mi 9, strMobileOs=Android 11, strPassword=F3rn4nd0_1998} [Given that fernando wants to sign up to uTest [Fernando open up [fernando opens the U test page]]]
[Test worker] WARN net.thucydides.core.steps.BaseStepListener - stepFinished: current outcome:Sing up to www.utest.com:Example: {strFirstName=fernando anonio, strLastName=Galez moreno, strEmailAddress=juanchosala2018@gmail.com, strBirthMonth=May, strBirthDay=7, strBirthYear=1998, strUserLanguage=Spanish, strCity=Bogota, strZipPostalCode=500001, strCountry=Colombia, strComputerOs=Windows, strOsVersion=10, strComputerLanguage=Spanish, strMobileDevice=Xiaomi, strModel=Mi 9, strMobileOs=Android 11, strPassword=F3rn4nd0_1998} [Given that fernando wants to sign up to uTest [Fernando open up [fernando opens the U test page]]]
[Test worker] WARN net.thucydides.core.steps.BaseStepListener - stepFinished: current outcome:Sing up to www.utest.com:Example: {strFirstName=fernando anonio, strLastName=Galez moreno, strEmailAddress=juanchosala2018@gmail.com, strBirthMonth=May, strBirthDay=7, strBirthYear=1998, strUserLanguage=Spanish, strCity=Bogota, strZipPostalCode=500001, strCountry=Colombia, strComputerOs=Windows, strOsVersion=10, strComputerLanguage=Spanish, strMobileDevice=Xiaomi, strModel=Mi 9, strMobileOs=Android 11, strPassword=F3rn4nd0_1998} [Given that fernando wants to sign up to uTest [Fernando open up [fernando opens the U test page]]]
[Test worker] WARN net.thucydides.core.steps.BaseStepListener - stepStarted: net.thucydides.core.steps.ExecutedStepDescription@15ea5c51
[Test worker] WARN net.thucydides.core.steps.BaseStepListener - stepStarted: net.thucydides.core.steps.ExecutedStepDescription@59b60bc
[Test worker] WARN net.thucydides.core.steps.BaseStepListener - stepStarted: net.thucydides.core.steps.ExecutedStepDescription@32e288ee
[Test worker] WARN net.thucydides.core.steps.BaseStepListener - stepFinished: current outcome:Sing up to www.utest.com:Example: {strFirstName=fernando anonio, strLastName=Galez moreno, strEmailAddress=juanchosala2018@gmail.com, strBirthMonth=May, strBirthDay=7, strBirthYear=1998, strUserLanguage=Spanish, strCity=Bogota, strZipPostalCode=500001, strCountry=Colombia, strComputerOs=Windows, strOsVersion=10, strComputerLanguage=Spanish, strMobileDevice=Xiaomi, strModel=Mi 9, strMobileOs=Android 11, strPassword=F3rn4nd0_1998} [Given that fernando wants to sign up to uTest [Fernando open up [fernando opens the U test page]], When he clicks hhe Join Today button [Fernando button [fernando clicks on button to sing up]]]
[Test worker] WARN net.thucydides.core.steps.BaseStepListener - stepFinished: current outcome:Sing up to www.utest.com:Example: {strFirstName=fernando anonio, strLastName=Galez moreno, strEmailAddress=juanchosala2018@gmail.com, strBirthMonth=May, strBirthDay=7, strBirthYear=1998, strUserLanguage=Spanish, strCity=Bogota, strZipPostalCode=500001, strCountry=Colombia, strComputerOs=Windows, strOsVersion=10, strComputerLanguage=Spanish, strMobileDevice=Xiaomi, strModel=Mi 9, strMobileOs=Android 11, strPassword=F3rn4nd0_1998} [Given that fernando wants to sign up to uTest [Fernando open up [fernando opens the U test page]], When he clicks hhe Join Today button [Fernando button [fernando clicks on button to sing up]]]
[Test worker] WARN net.thucydides.core.steps.BaseStepListener - stepFinished: current outcome:Sing up to www.utest.com:Example: {strFirstName=fernando anonio, strLastName=Galez moreno, strEmailAddress=juanchosala2018@gmail.com, strBirthMonth=May, strBirthDay=7, strBirthYear=1998, strUserLanguage=Spanish, strCity=Bogota, strZipPostalCode=500001, strCountry=Colombia, strComputerOs=Windows, strOsVersion=10, strComputerLanguage=Spanish, strMobileDevice=Xiaomi, strModel=Mi 9, strMobileOs=Android 11, strPassword=F3rn4nd0_1998} [Given that fernando wants to sign up to uTest [Fernando open up [fernando opens the U test page]], When he clicks hhe Join Today button [Fernando button [fernando clicks on button to sing up]]]
[Test worker] WARN net.thucydides.core.steps.BaseStepListener - stepStarted: net.thucydides.core.steps.ExecutedStepDescription@2b1ee1cc
[Test worker] WARN net.thucydides.core.steps.BaseStepListener - stepStarted: net.thucydides.core.steps.ExecutedStepDescription@d47332e
[Test worker] WARN net.thucydides.core.steps.BaseStepListener - stepStarted: net.thucydides.core.steps.ExecutedStepDescription@57895b04
[Test worker] WARN net.thucydides.core.steps.BaseStepListener - stepFinished: current outcome:Sing up to www.utest.com:Example: {strFirstName=fernando anonio, strLastName=Galez moreno, strEmailAddress=juanchosala2018@gmail.com, strBirthMonth=May, strBirthDay=7, strBirthYear=1998, strUserLanguage=Spanish, strCity=Bogota, strZipPostalCode=500001, strCountry=Colombia, strComputerOs=Windows, strOsVersion=10, strComputerLanguage=Spanish, strMobileDevice=Xiaomi, strModel=Mi 9, strMobileOs=Android 11, strPassword=F3rn4nd0_1998} [Given that fernando wants to sign up to uTest [Fernando open up [fernando opens the U test page]], When he clicks hhe Join Today button [Fernando button [fernando clicks on button to sing up]], And he introduces his personal data
| strFirstName | strLastName | strEmailAddress | strBirthMonth | strBirthDay | strBirthYear | strUserLanguage | strCity | strZipPostalCode | strCountry | strComputerOs | strOsVersion | strComputerLanguage | strMobileDevice | strModel | strMobileOs | strPassword |
| fernando anonio | Galez moreno | juanchosala2018@gmail.com | May | 7 | 1998 | Spanish | Bogota | 500001 | Colombia | Windows | 10 | Spanish | Xiaomi | Mi 9 | Android 11 | F3rn4nd0_1998 | [Fernando register [fernando enters 'fernando anonio' into write the first name]]]
[Test worker] WARN net.thucydides.core.steps.BaseStepListener - stepStarted: net.thucydides.core.steps.ExecutedStepDescription@778c081e
[Test worker] WARN net.thucydides.core.steps.BaseStepListener - stepFinished: current outcome:Sing up to www.utest.com:Example: {strFirstName=fernando anonio, strLastName=Galez moreno, strEmailAddress=juanchosala2018@gmail.com, strBirthMonth=May, strBirthDay=7, strBirthYear=1998, strUserLanguage=Spanish, strCity=Bogota, strZipPostalCode=500001, strCountry=Colombia, strComputerOs=Windows, strOsVersion=10, strComputerLanguage=Spanish, strMobileDevice=Xiaomi, strModel=Mi 9, strMobileOs=Android 11, strPassword=F3rn4nd0_1998} [Given that fernando wants to sign up to uTest [Fernando open up [fernando opens the U test page]], When he clicks hhe Join Today button [Fernando button [fernando clicks on button to sing up]], And he introduces his personal data
| strFirstName | strLastName | strEmailAddress | strBirthMonth | strBirthDay | strBirthYear | strUserLanguage | strCity | strZipPostalCode | strCountry | strComputerOs | strOsVersion | strComputerLanguage | strMobileDevice | strModel | strMobileOs | strPassword |
| fernando anonio | Galez moreno | juanchosala2018@gmail.com | May | 7 | 1998 | Spanish | Bogota | 500001 | Colombia | Windows | 10 | Spanish | Xiaomi | Mi 9 | Android 11 | F3rn4nd0_1998 | [Fernando register [fernando enters 'fernando anonio' into write the first name, fernando enters 'Galez moreno' into write the last name]]]
[Test worker] WARN net.thucydides.core.steps.BaseStepListener - stepStarted: net.thucydides.core.steps.ExecutedStepDescription@25bb8a17
[Test worker] WARN net.thucydides.core.steps.BaseStepListener - stepFinished: current outcome:Sing up to www.utest.com:Example: {strFirstName=fernando anonio, strLastName=Galez moreno, strEmailAddress=juanchosala2018@gmail.com, strBirthMonth=May, strBirthDay=7, strBirthYear=1998, strUserLanguage=Spanish, strCity=Bogota, strZipPostalCode=500001, strCountry=Colombia, strComputerOs=Windows, strOsVersion=10, strComputerLanguage=Spanish, strMobileDevice=Xiaomi, strModel=Mi 9, strMobileOs=Android 11, strPassword=F3rn4nd0_1998} [Given that fernando wants to sign up to uTest [Fernando open up [fernando opens the U test page]], When he clicks hhe Join Today button [Fernando button [fernando clicks on button to sing up]], And he introduces his personal data
| strFirstName | strLastName | strEmailAddress | strBirthMonth | strBirthDay | strBirthYear | strUserLanguage | strCity | strZipPostalCode | strCountry | strComputerOs | strOsVersion | strComputerLanguage | strMobileDevice | strModel | strMobileOs | strPassword |
| fernando anonio | Galez moreno | juanchosala2018@gmail.com | May | 7 | 1998 | Spanish | Bogota | 500001 | Colombia | Windows | 10 | Spanish | Xiaomi | Mi 9 | Android 11 | F3rn4nd0_1998 | [Fernando register [fernando enters 'fernando anonio' into write the first name, fernando enters 'Galez moreno' into write the last name, fernando enters 'juanchosala2018@gmail.com' into write the email]]]
[Test worker] WARN net.thucydides.core.steps.BaseStepListener - stepStarted: net.thucydides.core.steps.ExecutedStepDescription@20dff9f9
[Test worker] WARN net.thucydides.core.steps.BaseStepListener - stepFinished: current outcome:Sing up to www.utest.com:Example: {strFirstName=fernando anonio, strLastName=Galez moreno, strEmailAddress=juanchosala2018@gmail.com, strBirthMonth=May, strBirthDay=7, strBirthYear=1998, strUserLanguage=Spanish, strCity=Bogota, strZipPostalCode=500001, strCountry=Colombia, strComputerOs=Windows, strOsVersion=10, strComputerLanguage=Spanish, strMobileDevice=Xiaomi, strModel=Mi 9, strMobileOs=Android 11, strPassword=F3rn4nd0_1998} [Given that fernando wants to sign up to uTest [Fernando open up [fernando opens the U test page]], When he clicks hhe Join Today button [Fernando button [fernando clicks on button to sing up]], And he introduces his personal data
| strFirstName | strLastName | strEmailAddress | strBirthMonth | strBirthDay | strBirthYear | strUserLanguage | strCity | strZipPostalCode | strCountry | strComputerOs | strOsVersion | strComputerLanguage | strMobileDevice | strModel | strMobileOs | strPassword |
| fernando anonio | Galez moreno | juanchosala2018@gmail.com | May | 7 | 1998 | Spanish | Bogota | 500001 | Colombia | Windows | 10 | Spanish | Xiaomi | Mi 9 | Android 11 | F3rn4nd0_1998 | [Fernando register [fernando enters 'fernando anonio' into write the first name, fernando enters 'Galez moreno' into write the last name, fernando enters 'juanchosala2018@gmail.com' into write the email, fernando select May on write the birth month]]]
[Test worker] WARN net.thucydides.core.steps.BaseStepListener - stepStarted: net.thucydides.core.steps.ExecutedStepDescription@5a4cff29
[Test worker] WARN net.thucydides.core.steps.BaseStepListener - stepFinished: current outcome:Sing up to www.utest.com:Example: {strFirstName=fernando anonio, strLastName=Galez moreno, strEmailAddress=juanchosala2018@gmail.com, strBirthMonth=May, strBirthDay=7, strBirthYear=1998, strUserLanguage=Spanish, strCity=Bogota, strZipPostalCode=500001, strCountry=Colombia, strComputerOs=Windows, strOsVersion=10, strComputerLanguage=Spanish, strMobileDevice=Xiaomi, strModel=Mi 9, strMobileOs=Android 11, strPassword=F3rn4nd0_1998} [Given that fernando wants to sign up to uTest [Fernando open up [fernando opens the U test page]], When he clicks hhe Join Today button [Fernando button [fernando clicks on button to sing up]], And he introduces his personal data
| strFirstName | strLastName | strEmailAddress | strBirthMonth | strBirthDay | strBirthYear | strUserLanguage | strCity | strZipPostalCode | strCountry | strComputerOs | strOsVersion | strComputerLanguage | strMobileDevice | strModel | strMobileOs | strPassword |
| fernando anonio | Galez moreno | juanchosala2018@gmail.com | May | 7 | 1998 | Spanish | Bogota | 500001 | Colombia | Windows | 10 | Spanish | Xiaomi | Mi 9 | Android 11 | F3rn4nd0_1998 | [Fernando register [fernando enters 'fernando anonio' into write the first name, fernando enters 'Galez moreno' into write the last name, fernando enters 'juanchosala2018@gmail.com' into write the email, fernando select May on write the birth month, fernando select 7 on write the birth day]]]
[Test worker] WARN net.thucydides.core.steps.BaseStepListener - stepStarted: net.thucydides.core.steps.ExecutedStepDescription@247eaa6a
[Test worker] WARN net.thucydides.core.steps.BaseStepListener - stepFinished: current outcome:Sing up to www.utest.com:Example: {strFirstName=fernando anonio, strLastName=Galez moreno, strEmailAddress=juanchosala2018@gmail.com, strBirthMonth=May, strBirthDay=7, strBirthYear=1998, strUserLanguage=Spanish, strCity=Bogota, strZipPostalCode=500001, strCountry=Colombia, strComputerOs=Windows, strOsVersion=10, strComputerLanguage=Spanish, strMobileDevice=Xiaomi, strModel=Mi 9, strMobileOs=Android 11, strPassword=F3rn4nd0_1998} [Given that fernando wants to sign up to uTest [Fernando open up [fernando opens the U test page]], When he clicks hhe Join Today button [Fernando button [fernando clicks on button to sing up]], And he introduces his personal data
| strFirstName | strLastName | strEmailAddress | strBirthMonth | strBirthDay | strBirthYear | strUserLanguage | strCity | strZipPostalCode | strCountry | strComputerOs | strOsVersion | strComputerLanguage | strMobileDevice | strModel | strMobileOs | strPassword |
| fernando anonio | Galez moreno | juanchosala2018@gmail.com | May | 7 | 1998 | Spanish | Bogota | 500001 | Colombia | Windows | 10 | Spanish | Xiaomi | Mi 9 | Android 11 | F3rn4nd0_1998 | [Fernando register [fernando enters 'fernando anonio' into write the first name, fernando enters 'Galez moreno' into write the last name, fernando enters 'juanchosala2018@gmail.com' into write the email, fernando select May on write the birth month, fernando select 7 on write the birth day, fernando select 1998 on write the birth year]]]
[Test worker] WARN net.thucydides.core.steps.BaseStepListener - stepStarted: net.thucydides.core.steps.ExecutedStepDescription@734cd8a4
[Test worker] WARN net.thucydides.core.steps.BaseStepListener - stepFinished: current outcome:Sing up to www.utest.com:Example: {strFirstName=fernando anonio, strLastName=Galez moreno, strEmailAddress=juanchosala2018@gmail.com, strBirthMonth=May, strBirthDay=7, strBirthYear=1998, strUserLanguage=Spanish, strCity=Bogota, strZipPostalCode=500001, strCountry=Colombia, strComputerOs=Windows, strOsVersion=10, strComputerLanguage=Spanish, strMobileDevice=Xiaomi, strModel=Mi 9, strMobileOs=Android 11, strPassword=F3rn4nd0_1998} [Given that fernando wants to sign up to uTest [Fernando open up [fernando opens the U test page]], When he clicks hhe Join Today button [Fernando button [fernando clicks on button to sing up]], And he introduces his personal data
| strFirstName | strLastName | strEmailAddress | strBirthMonth | strBirthDay | strBirthYear | strUserLanguage | strCity | strZipPostalCode | strCountry | strComputerOs | strOsVersion | strComputerLanguage | strMobileDevice | strModel | strMobileOs | strPassword |
| fernando anonio | Galez moreno | juanchosala2018@gmail.com | May | 7 | 1998 | Spanish | Bogota | 500001 | Colombia | Windows | 10 | Spanish | Xiaomi | Mi 9 | Android 11 | F3rn4nd0_1998 | [Fernando register [fernando enters 'fernando anonio' into write the first name, fernando enters 'Galez moreno' into write the last name, fernando enters 'juanchosala2018@gmail.com' into write the email, fernando select May on write the birth month, fernando select 7 on write the birth day, fernando select 1998 on write the birth year, fernando clicks on select the language]]]
[Test worker] WARN net.thucydides.core.steps.BaseStepListener - stepStarted: net.thucydides.core.steps.ExecutedStepDescription@70d09c22
[Test worker] WARN net.thucydides.core.steps.BaseStepListener - stepFinished: current outcome:Sing up to www.utest.com:Example: {strFirstName=fernando anonio, strLastName=Galez moreno, strEmailAddress=juanchosala2018@gmail.com, strBirthMonth=May, strBirthDay=7, strBirthYear=1998, strUserLanguage=Spanish, strCity=Bogota, strZipPostalCode=500001, strCountry=Colombia, strComputerOs=Windows, strOsVersion=10, strComputerLanguage=Spanish, strMobileDevice=Xiaomi, strModel=Mi 9, strMobileOs=Android 11, strPassword=F3rn4nd0_1998} [Given that fernando wants to sign up to uTest [Fernando open up [fernando opens the U test page]], When he clicks hhe Join Today button [Fernando button [fernando clicks on button to sing up]], And he introduces his personal data
| strFirstName | strLastName | strEmailAddress | strBirthMonth | strBirthDay | strBirthYear | strUserLanguage | strCity | strZipPostalCode | strCountry | strComputerOs | strOsVersion | strComputerLanguage | strMobileDevice | strModel | strMobileOs | strPassword |
| fernando anonio | Galez moreno | juanchosala2018@gmail.com | May | 7 | 1998 | Spanish | Bogota | 500001 | Colombia | Windows | 10 | Spanish | Xiaomi | Mi 9 | Android 11 | F3rn4nd0_1998 | [Fernando register [fernando enters 'fernando anonio' into write the first name, fernando enters 'Galez moreno' into write the last name, fernando enters 'juanchosala2018@gmail.com' into write the email, fernando select May on write the birth month, fernando select 7 on write the birth day, fernando select 1998 on write the birth year, fernando clicks on select the language, fernando enters 'Spanish' into select the language]]]
[Test worker] WARN net.thucydides.core.steps.BaseStepListener - stepStarted: net.thucydides.core.steps.ExecutedStepDescription@5529a8cf
[Test worker] WARN net.thucydides.core.steps.BaseStepListener - stepFinished: current outcome:Sing up to www.utest.com:Example: {strFirstName=fernando anonio, strLastName=Galez moreno, strEmailAddress=juanchosala2018@gmail.com, strBirthMonth=May, strBirthDay=7, strBirthYear=1998, strUserLanguage=Spanish, strCity=Bogota, strZipPostalCode=500001, strCountry=Colombia, strComputerOs=Windows, strOsVersion=10, strComputerLanguage=Spanish, strMobileDevice=Xiaomi, strModel=Mi 9, strMobileOs=Android 11, strPassword=F3rn4nd0_1998} [Given that fernando wants to sign up to uTest [Fernando open up [fernando opens the U test page]], When he clicks hhe Join Today button [Fernando button [fernando clicks on button to sing up]], And he introduces his personal data
| strFirstName | strLastName | strEmailAddress | strBirthMonth | strBirthDay | strBirthYear | strUserLanguage | strCity | strZipPostalCode | strCountry | strComputerOs | strOsVersion | strComputerLanguage | strMobileDevice | strModel | strMobileOs | strPassword |
| fernando anonio | Galez moreno | juanchosala2018@gmail.com | May | 7 | 1998 | Spanish | Bogota | 500001 | Colombia | Windows | 10 | Spanish | Xiaomi | Mi 9 | Android 11 | F3rn4nd0_1998 | [Fernando register [fernando enters 'fernando anonio' into write the first name, fernando enters 'Galez moreno' into write the last name, fernando enters 'juanchosala2018@gmail.com' into write the email, fernando select May on write the birth month, fernando select 7 on write the birth day, fernando select 1998 on write the birth year, fernando clicks on select the language, fernando enters 'Spanish' into select the language, fernando types 'ENTER' in select the language]]]
[Test worker] WARN net.thucydides.core.steps.BaseStepListener - stepStarted: net.thucydides.core.steps.ExecutedStepDescription@66893982
[Test worker] WARN net.thucydides.core.steps.BaseStepListener - stepFinished: current outcome:Sing up to www.utest.com:Example: {strFirstName=fernando anonio, strLastName=Galez moreno, strEmailAddress=juanchosala2018@gmail.com, strBirthMonth=May, strBirthDay=7, strBirthYear=1998, strUserLanguage=Spanish, strCity=Bogota, strZipPostalCode=500001, strCountry=Colombia, strComputerOs=Windows, strOsVersion=10, strComputerLanguage=Spanish, strMobileDevice=Xiaomi, strModel=Mi 9, strMobileOs=Android 11, strPassword=F3rn4nd0_1998} [Given that fernando wants to sign up to uTest [Fernando open up [fernando opens the U test page]], When he clicks hhe Join Today button [Fernando button [fernando clicks on button to sing up]], And he introduces his personal data
| strFirstName | strLastName | strEmailAddress | strBirthMonth | strBirthDay | strBirthYear | strUserLanguage | strCity | strZipPostalCode | strCountry | strComputerOs | strOsVersion | strComputerLanguage | strMobileDevice | strModel | strMobileOs | strPassword |
| fernando anonio | Galez moreno | juanchosala2018@gmail.com | May | 7 | 1998 | Spanish | Bogota | 500001 | Colombia | Windows | 10 | Spanish | Xiaomi | Mi 9 | Android 11 | F3rn4nd0_1998 | [Fernando register [fernando enters 'fernando anonio' into write the first name, fernando enters 'Galez moreno' into write the last name, fernando enters 'juanchosala2018@gmail.com' into write the email, fernando select May on write the birth month, fernando select 7 on write the birth day, fernando select 1998 on write the birth year, fernando clicks on select the language, fernando enters 'Spanish' into select the language, fernando types 'ENTER' in select the language, fernando clicks on button send us to the form]]]
[Test worker] WARN net.thucydides.core.steps.BaseStepListener - stepStarted: net.thucydides.core.steps.ExecutedStepDescription@5746857d
[Test worker] WARN net.thucydides.core.steps.BaseStepListener - stepStarted: net.thucydides.core.steps.ExecutedStepDescription@2c6e55f6
[Test worker] WARN net.thucydides.core.steps.BaseStepListener - testFinished: Sing up to www.utest.com:Example: {strFirstName=fernando anonio, strLastName=Galez moreno, strEmailAddress=juanchosala2018@gmail.com, strBirthMonth=May, strBirthDay=7, strBirthYear=1998, strUserLanguage=Spanish, strCity=Bogota, strZipPostalCode=500001, strCountry=Colombia, strComputerOs=Windows, strOsVersion=10, strComputerLanguage=Spanish, strMobileDevice=Xiaomi, strModel=Mi 9, strMobileOs=Android 11, strPassword=F3rn4nd0_1998} [Given that fernando wants to sign up to uTest [Fernando open up [fernando opens the U test page]], When he clicks hhe Join Today button [Fernando button [fernando clicks on button to sing up]], And he introduces his personal data
| strFirstName | strLastName | strEmailAddress | strBirthMonth | strBirthDay | strBirthYear | strUserLanguage | strCity | strZipPostalCode | strCountry | strComputerOs | strOsVersion | strComputerLanguage | strMobileDevice | strModel | strMobileOs | strPassword |
| fernando anonio | Galez moreno | juanchosala2018@gmail.com | May | 7 | 1998 | Spanish | Bogota | 500001 | Colombia | Windows | 10 | Spanish | Xiaomi | Mi 9 | Android 11 | F3rn4nd0_1998 | [Fernando register [fernando enters 'fernando anonio' into write the first name, fernando enters 'Galez moreno' into write the last name, fernando enters 'juanchosala2018@gmail.com' into write the email, fernando select May on write the birth month, fernando select 7 on write the birth day, fernando select 1998 on write the birth year, fernando clicks on select the language, fernando enters 'Spanish' into select the language, fernando types 'ENTER' in select the language, fernando clicks on button send us to the form, fernando enters 'Bogota' into write the city]]], Then the register is complete
| strSuccessSignUpMessage |
| Welcome to the world's largest community of freelance software testers! |
[Test worker] WARN net.thucydides.core.steps.BaseStepListener - TestOutcomes: [Sing up to www.utest.com:Example: {strFirstName=fernando anonio, strLastName=Galez moreno, strEmailAddress=juanchosala2018@gmail.com, strBirthMonth=May, strBirthDay=7, strBirthYear=1998, strUserLanguage=Spanish, strCity=Bogota, strZipPostalCode=500001, strCountry=Colombia, strComputerOs=Windows, strOsVersion=10, strComputerLanguage=Spanish, strMobileDevice=Xiaomi, strModel=Mi 9, strMobileOs=Android 11, strPassword=F3rn4nd0_1998} [Given that fernando wants to sign up to uTest [Fernando open up [fernando opens the U test page]], When he clicks hhe Join Today button [Fernando button [fernando clicks on button to sing up]], And he introduces his personal data
| strFirstName | strLastName | strEmailAddress | strBirthMonth | strBirthDay | strBirthYear | strUserLanguage | strCity | strZipPostalCode | strCountry | strComputerOs | strOsVersion | strComputerLanguage | strMobileDevice | strModel | strMobileOs | strPassword |
| fernando anonio | Galez moreno | juanchosala2018@gmail.com | May | 7 | 1998 | Spanish | Bogota | 500001 | Colombia | Windows | 10 | Spanish | Xiaomi | Mi 9 | Android 11 | F3rn4nd0_1998 | [Fernando register [fernando enters 'fernando anonio' into write the first name, fernando enters 'Galez moreno' into write the last name, fernando enters 'juanchosala2018@gmail.com' into write the email, fernando select May on write the birth month, fernando select 7 on write the birth day, fernando select 1998 on write the birth year, fernando clicks on select the language, fernando enters 'Spanish' into select the language, fernando types 'ENTER' in select the language, fernando clicks on button send us to the form, fernando enters 'Bogota' into write the city]]], Then the register is complete
| strSuccessSignUpMessage |
| Welcome to the world's largest community of freelance software testers! |]
[Test worker] WARN net.thucydides.core.steps.BaseStepListener - Final testOutcomes: [Sing up to www.utest.com:Example: {strFirstName=fernando anonio, strLastName=Galez moreno, strEmailAddress=juanchosala2018@gmail.com, strBirthMonth=May, strBirthDay=7, strBirthYear=1998, strUserLanguage=Spanish, strCity=Bogota, strZipPostalCode=500001, strCountry=Colombia, strComputerOs=Windows, strOsVersion=10, strComputerLanguage=Spanish, strMobileDevice=Xiaomi, strModel=Mi 9, strMobileOs=Android 11, strPassword=F3rn4nd0_1998} [Given that fernando wants to sign up to uTest [Fernando open up [fernando opens the U test page]], When he clicks hhe Join Today button [Fernando button [fernando clicks on button to sing up]], And he introduces his personal data
| strFirstName | strLastName | strEmailAddress | strBirthMonth | strBirthDay | strBirthYear | strUserLanguage | strCity | strZipPostalCode | strCountry | strComputerOs | strOsVersion | strComputerLanguage | strMobileDevice | strModel | strMobileOs | strPassword |
| fernando anonio | Galez moreno | juanchosala2018@gmail.com | May | 7 | 1998 | Spanish | Bogota | 500001 | Colombia | Windows | 10 | Spanish | Xiaomi | Mi 9 | Android 11 | F3rn4nd0_1998 | [Fernando register [fernando enters 'fernando anonio' into write the first name, fernando enters 'Galez moreno' into write the last name, fernando enters 'juanchosala2018@gmail.com' into write the email, fernando select May on write the birth month, fernando select 7 on write the birth day, fernando select 1998 on write the birth year, fernando clicks on select the language, fernando enters 'Spanish' into select the language, fernando types 'ENTER' in select the language, fernando clicks on button send us to the form, fernando enters 'Bogota' into write the city]]], Then the register is complete
| strSuccessSignUpMessage |
| Welcome to the world's largest community of freelance software testers! |]
[Test worker] ERROR net.thucydides.core.steps.ConsoleLoggingListener - 
           __  _____ _____ ____ _____   _____ _    ___ _     _____ ____  
  _       / / |_   _| ____/ ___|_   _| |  ___/ \  |_ _| |   | ____|  _ \ 
 (_)_____| |    | | |  _| \___ \ | |   | |_ / _ \  | || |   |  _| | | | |
  _|_____| |    | | | |___ ___) || |   |  _/ ___ \ | || |___| |___| |_| |
 (_)     | |    |_| |_____|____/ |_|   |_|/_/   \_\___|_____|_____|____/ 
          \_\                                                            

TEST FAILED: Sing up to www.utest.com
--------------------------------------------------------------------------
[Test worker] ERROR net.thucydides.core.steps.ConsoleLoggingListener - TEST FAILED AT STEP fernando enters 'Bogota' into write the city
[Test worker] ERROR net.thucydides.core.steps.ConsoleLoggingListener - Expected enabled element was not enabled
]]></system-err>
</testsuite>
