<?xml version="1.0" encoding="UTF-8"?><testsuite errors="0" failures="1" name="AcademyChoucair" skipped="0" tests="1" time="21.01" timestamp="2021-10-01 04:40:49"><testcase name="Search for a automation course"><failure message="Expected enabled element was not enabled" type="net.thucydides.core.webdriver.exceptions.ElementShouldBeEnabledException">Expected enabled element was not enabled</failure><system-err>Expected enabled element was not enabled&#13;
co.com.choucair.certificaion.proyectobase.tasks.Login.performAs(Login.java:28)&#13;
co.com.choucair.certification.proyectobase.stepdefinitions.ChoucairAcademyStepDefinition.thanFernandoWantsToLearnAutomationAtTheAcademyChoucair(ChoucairAcademyStepDefinition.java:28)&#13;
cucumber.runner.Runner.runPickle(Runner.java:80)&#13;
</system-err></testcase></testsuite>